02-17 15:24 ERROR MainThread NUMERATOR IS 0
02-17 15:24 CRITICAL MainThread DENOMINATOR CANNOT BE 0
02-17 15:25 CRITICAL MainThread DENOMINATOR CANNOT BE 0
02-17 15:26 INFO MainThread ANSWER IS AN INTEGER
02-17 15:29 CRITICAL MainThread DENOMINATOR CANNOT BE 0
02-17 15:31 CRITICAL MainThread DENOMINATOR CANNOT BE 0
02-17 15:32 CRITICAL MainThread DENOMINATOR CANNOT BE 0
02-17 15:32 DEBUG MainThread ERROR, PLEASE VERIFY INPUTS
02-17 15:34 DEBUG MainThread ERROR, PLEASE VERIFY INPUTS
02-17 15:38 DEBUG MainThread ERROR, PLEASE VERIFY INPUTS
02-17 15:57 ERROR MainThread NUMERATOR IS 0
02-17 15:57 CRITICAL MainThread CANNOT DIVIDE BY 0
02-17 15:58 CRITICAL MainThread CANNOT DIVIDE BY 0
02-17 15:59 DEBUG MainThread ERROR, PLEASE VERIFY INPUTS
02-17 15:59 DEBUG MainThread ERROR, PLEASE VERIFY INPUTS
02-17 16:00 DEBUG MainThread ERROR, PLEASE VERIFY INPUTS
02-17 16:00 DEBUG MainThread ERROR, PLEASE VERIFY INPUTS
02-17 16:00 DEBUG MainThread ERROR, PLEASE VERIFY INPUTS
02-17 16:04 INFO MainThread ANSWER IS AN EXACT INTEGER
02-17 16:04 WARNING MainThread ANSWER IS NOT AN EXACT INTEGER
02-17 16:05 WARNING MainThread ANSWER IS NOT AN EXACT INTEGER
02-17 16:05 WARNING MainThread ANSWER IS NOT AN EXACT INTEGER
02-17 16:05 INFO MainThread ANSWER IS AN EXACT INTEGER
02-17 16:05 INFO MainThread ANSWER IS AN EXACT INTEGER
02-17 16:05 ERROR MainThread NUMERATOR IS 0
02-17 16:06 CRITICAL MainThread CANNOT DIVIDE BY 0
02-17 16:06 ERROR MainThread NUMERATOR IS 0
02-17 16:07 CRITICAL MainThread CANNOT DIVIDE BY 0
02-17 16:07 CRITICAL MainThread CANNOT DIVIDE BY 0
02-17 16:08 CRITICAL MainThread CANNOT DIVIDE BY 0
02-17 16:09 CRITICAL MainThread CANNOT DIVIDE BY 0
02-17 16:09 INFO MainThread ANSWER IS AN EXACT INTEGER
02-17 16:09 CRITICAL MainThread CANNOT DIVIDE BY 0
02-17 16:09 INFO MainThread ANSWER IS NOT AN EXACT INTEGER
02-17 16:15 WARNING MainThread ANSWER IS AN EXACT INTEGER
02-17 16:17 WARNING MainThread ANSWER IS AN EXACT INTEGER
02-17 16:17 CRITICAL MainThread CANNOT DIVIDE BY 0
02-17 16:18 CRITICAL MainThread CANNOT DIVIDE BY 0
02-17 16:19 DEBUG MainThread ERROR, PLEASE VERIFY INPUTS
02-17 16:19 INFO MainThread ANSWER IS NOT AN EXACT INTEGER
02-17 16:20 WARNING MainThread ANSWER IS AN EXACT INTEGER
02-17 16:20 ERROR MainThread NUMERATOR IS 0
02-17 16:26 CRITICAL MainThread CANNOT DIVIDE BY 0
02-17 16:26 CRITICAL MainThread CANNOT DIVIDE BY 0
02-17 16:27 CRITICAL MainThread CANNOT DIVIDE BY 0
